Started by user Sandhya
[Pipeline] Start of Pipeline
[Pipeline] node
Running on Jenkins in /Users/sandhyas/.jenkins/workspace/Calculator@2
[Pipeline] {
[Pipeline] tool
[Pipeline] withEnv
[Pipeline] {
[Pipeline] stage
[Pipeline] { (Declarative: Tool Install)
[Pipeline] tool
[Pipeline] envVarsForTool
[Pipeline] tool
Unpacking https://repo.maven.apache.org/maven2/org/apache/maven/apache-maven/3.9.9/apache-maven-3.9.9-bin.zip to /Users/sandhyas/.jenkins/tools/hudson.tasks.Maven_MavenInstallation/maven3 on Jenkins
[Pipeline] envVarsForTool
[Pipeline] }
[Pipeline] // stage
[Pipeline] withEnv
[Pipeline] {
[Pipeline] stage
[Pipeline] { (Git-Checkout)
[Pipeline] tool
[Pipeline] envVarsForTool
[Pipeline] tool
[Pipeline] envVarsForTool
[Pipeline] withEnv
[Pipeline] {
[Pipeline] git
The recommended git tool is: NONE
using credential git-cred
Cloning the remote Git repository
Cloning repository https://github.com/sandhyasankar29/SIPCalculator.git
 > git init /Users/sandhyas/.jenkins/workspace/Calculator@2 # timeout=10
Fetching upstream changes from https://github.com/sandhyasankar29/SIPCalculator.git
 > git --version # timeout=10
 > git --version # 'git version 2.39.3 (Apple Git-146)'
using GIT_ASKPASS to set credentials git-credential
 > git fetch --tags --force --progress -- https://github.com/sandhyasankar29/SIPCalculator.git +refs/heads/*:refs/remotes/origin/* # timeout=10
 > git config remote.origin.url https://github.com/sandhyasankar29/SIPCalculator.git # timeout=10
 > git config --add remote.origin.fetch +refs/heads/*:refs/remotes/origin/* # timeout=10
Avoid second fetch
 > git rev-parse refs/remotes/origin/main^{commit} # timeout=10
Checking out Revision 4cd25bb2314e814597f280eea912f0d7b2ec4b93 (refs/remotes/origin/main)
 > git config core.sparsecheckout # timeout=10
 > git checkout -f 4cd25bb2314e814597f280eea912f0d7b2ec4b93 # timeout=10
 > git branch -a -v --no-abbrev # timeout=10
 > git checkout -b main 4cd25bb2314e814597f280eea912f0d7b2ec4b93 # timeout=10
Commit message: "Junit Test"
First time build. Skipping changelog.
[Pipeline] }
[Pipeline] // withEnv
[Pipeline] }
[Pipeline] // stage
[Pipeline] stage
[Pipeline] { (Compile)
[Pipeline] tool
[Pipeline] envVarsForTool
[Pipeline] tool
[Pipeline] envVarsForTool
[Pipeline] withEnv
[Pipeline] {
[Pipeline] sh
+ mvn clean compile
[INFO] Scanning for projects...
[WARNING] 
[WARNING] Some problems were encountered while building the effective model for com.ra.busBooking:SIPCalculator:jar:0.0.1-SNAPSHOT
[WARNING] 'dependencies.dependency.(groupId:artifactId:type:classifier)' must be unique: org.springframework.boot:spring-boot-starter-thymeleaf:jar -> duplicate declaration of version (?) @ line 29, column 15
[WARNING] 'dependencies.dependency.(groupId:artifactId:type:classifier)' must be unique: org.springframework.boot:spring-boot-starter-test:jar -> duplicate declaration of version (?) @ line 38, column 15
[WARNING] 
[WARNING] It is highly recommended to fix these problems because they threaten the stability of your build.
[WARNING] 
[WARNING] For this reason, future Maven versions might no longer support building such malformed projects.
[WARNING] 
[INFO] 
[INFO] ------------------< com.ra.busBooking:SIPCalculator >-------------------
[INFO] Building SIPCalculator 0.0.1-SNAPSHOT
[INFO]   from pom.xml
[INFO] --------------------------------[ jar ]---------------------------------
[WARNING] 1 problem was encountered while building the effective model for org.javassist:javassist:jar:3.20.0-GA during dependency collection step for project (use -X to see details)
[INFO] 
[INFO] --- clean:3.2.0:clean (default-clean) @ SIPCalculator ---
[INFO] 
[INFO] --- resources:3.2.0:resources (default-resources) @ SIPCalculator ---
[INFO] Using 'UTF-8' encoding to copy filtered resources.
[INFO] Using 'UTF-8' encoding to copy filtered properties files.
[INFO] Copying 1 resource
[INFO] Copying 1 resource
[INFO] 
[INFO] --- compiler:3.10.1:compile (default-compile) @ SIPCalculator ---
[INFO] Changes detected - recompiling the module!
[INFO] Compiling 3 source files to /Users/sandhyas/.jenkins/workspace/Calculator@2/target/classes
[INFO] ------------------------------------------------------------------------
[INFO] BUILD SUCCESS
[INFO] ------------------------------------------------------------------------
[INFO] Total time:  0.880 s
[INFO] Finished at: 2024-08-25T21:41:59+05:30
[INFO] ------------------------------------------------------------------------
[Pipeline] }
[Pipeline] // withEnv
[Pipeline] }
[Pipeline] // stage
[Pipeline] stage
[Pipeline] { (Build)
[Pipeline] tool
[Pipeline] envVarsForTool
[Pipeline] tool
[Pipeline] envVarsForTool
[Pipeline] withEnv
[Pipeline] {
[Pipeline] sh
+ mvn clean package -DskipTests
[INFO] Scanning for projects...
[WARNING] 
[WARNING] Some problems were encountered while building the effective model for com.ra.busBooking:SIPCalculator:jar:0.0.1-SNAPSHOT
[WARNING] 'dependencies.dependency.(groupId:artifactId:type:classifier)' must be unique: org.springframework.boot:spring-boot-starter-thymeleaf:jar -> duplicate declaration of version (?) @ line 29, column 15
[WARNING] 'dependencies.dependency.(groupId:artifactId:type:classifier)' must be unique: org.springframework.boot:spring-boot-starter-test:jar -> duplicate declaration of version (?) @ line 38, column 15
[WARNING] 
[WARNING] It is highly recommended to fix these problems because they threaten the stability of your build.
[WARNING] 
[WARNING] For this reason, future Maven versions might no longer support building such malformed projects.
[WARNING] 
[INFO] 
[INFO] ------------------< com.ra.busBooking:SIPCalculator >-------------------
[INFO] Building SIPCalculator 0.0.1-SNAPSHOT
[INFO]   from pom.xml
[INFO] --------------------------------[ jar ]---------------------------------
[WARNING] 1 problem was encountered while building the effective model for org.javassist:javassist:jar:3.20.0-GA during dependency collection step for project (use -X to see details)
[INFO] 
[INFO] --- clean:3.2.0:clean (default-clean) @ SIPCalculator ---
[INFO] Deleting /Users/sandhyas/.jenkins/workspace/Calculator@2/target
[INFO] 
[INFO] --- resources:3.2.0:resources (default-resources) @ SIPCalculator ---
[INFO] Using 'UTF-8' encoding to copy filtered resources.
[INFO] Using 'UTF-8' encoding to copy filtered properties files.
[INFO] Copying 1 resource
[INFO] Copying 1 resource
[INFO] 
[INFO] --- compiler:3.10.1:compile (default-compile) @ SIPCalculator ---
[INFO] Changes detected - recompiling the module!
[INFO] Compiling 3 source files to /Users/sandhyas/.jenkins/workspace/Calculator@2/target/classes
[INFO] 
[INFO] --- resources:3.2.0:testResources (default-testResources) @ SIPCalculator ---
[INFO] Using 'UTF-8' encoding to copy filtered resources.
[INFO] Using 'UTF-8' encoding to copy filtered properties files.
[INFO] skip non existing resourceDirectory /Users/sandhyas/.jenkins/workspace/Calculator@2/src/test/resources
[INFO] 
[INFO] --- compiler:3.10.1:testCompile (default-testCompile) @ SIPCalculator ---
[INFO] Changes detected - recompiling the module!
[INFO] Compiling 2 source files to /Users/sandhyas/.jenkins/workspace/Calculator@2/target/test-classes
[INFO] 
[INFO] --- surefire:2.22.2:test (default-test) @ SIPCalculator ---
[INFO] Tests are skipped.
[INFO] 
[INFO] --- jar:3.2.2:jar (default-jar) @ SIPCalculator ---
[INFO] Building jar: /Users/sandhyas/.jenkins/workspace/Calculator@2/target/SIPCalculator-0.0.1-SNAPSHOT.jar
[INFO] 
[INFO] --- spring-boot:2.7.3:repackage (repackage) @ SIPCalculator ---
[INFO] Replacing main artifact with repackaged archive
[INFO] ------------------------------------------------------------------------
[INFO] BUILD SUCCESS
[INFO] ------------------------------------------------------------------------
[INFO] Total time:  1.462 s
[INFO] Finished at: 2024-08-25T21:42:02+05:30
[INFO] ------------------------------------------------------------------------
[Pipeline] }
[Pipeline] // withEnv
[Pipeline] }
[Pipeline] // stage
[Pipeline] stage
[Pipeline] { (Test)
[Pipeline] tool
[Pipeline] envVarsForTool
[Pipeline] tool
[Pipeline] envVarsForTool
[Pipeline] withEnv
[Pipeline] {
[Pipeline] sh
+ mvn clean test
[INFO] Scanning for projects...
[WARNING] 
[WARNING] Some problems were encountered while building the effective model for com.ra.busBooking:SIPCalculator:jar:0.0.1-SNAPSHOT
[WARNING] 'dependencies.dependency.(groupId:artifactId:type:classifier)' must be unique: org.springframework.boot:spring-boot-starter-thymeleaf:jar -> duplicate declaration of version (?) @ line 29, column 15
[WARNING] 'dependencies.dependency.(groupId:artifactId:type:classifier)' must be unique: org.springframework.boot:spring-boot-starter-test:jar -> duplicate declaration of version (?) @ line 38, column 15
[WARNING] 
[WARNING] It is highly recommended to fix these problems because they threaten the stability of your build.
[WARNING] 
[WARNING] For this reason, future Maven versions might no longer support building such malformed projects.
[WARNING] 
[INFO] 
[INFO] ------------------< com.ra.busBooking:SIPCalculator >-------------------
[INFO] Building SIPCalculator 0.0.1-SNAPSHOT
[INFO]   from pom.xml
[INFO] --------------------------------[ jar ]---------------------------------
[WARNING] 1 problem was encountered while building the effective model for org.javassist:javassist:jar:3.20.0-GA during dependency collection step for project (use -X to see details)
[INFO] 
[INFO] --- clean:3.2.0:clean (default-clean) @ SIPCalculator ---
[INFO] Deleting /Users/sandhyas/.jenkins/workspace/Calculator@2/target
[INFO] 
[INFO] --- resources:3.2.0:resources (default-resources) @ SIPCalculator ---
[INFO] Using 'UTF-8' encoding to copy filtered resources.
[INFO] Using 'UTF-8' encoding to copy filtered properties files.
[INFO] Copying 1 resource
[INFO] Copying 1 resource
[INFO] 
[INFO] --- compiler:3.10.1:compile (default-compile) @ SIPCalculator ---
[INFO] Changes detected - recompiling the module!
[INFO] Compiling 3 source files to /Users/sandhyas/.jenkins/workspace/Calculator@2/target/classes
[INFO] 
[INFO] --- resources:3.2.0:testResources (default-testResources) @ SIPCalculator ---
[INFO] Using 'UTF-8' encoding to copy filtered resources.
[INFO] Using 'UTF-8' encoding to copy filtered properties files.
[INFO] skip non existing resourceDirectory /Users/sandhyas/.jenkins/workspace/Calculator@2/src/test/resources
[INFO] 
[INFO] --- compiler:3.10.1:testCompile (default-testCompile) @ SIPCalculator ---
[INFO] Changes detected - recompiling the module!
[INFO] Compiling 2 source files to /Users/sandhyas/.jenkins/workspace/Calculator@2/target/test-classes
[INFO] 
[INFO] --- surefire:2.22.2:test (default-test) @ SIPCalculator ---
[INFO] 
[INFO] -------------------------------------------------------
[INFO]  T E S T S
[INFO] -------------------------------------------------------
[INFO] Running com.sipCalculator.SipCalculatorApplicationTests
21:42:06.896 [main] DEBUG org.springframework.test.context.BootstrapUtils - Instantiating CacheAwareContextLoaderDelegate from class [org.springframework.test.context.cache.DefaultCacheAwareContextLoaderDelegate]
21:42:06.900 [main] DEBUG org.springframework.test.context.BootstrapUtils - Instantiating BootstrapContext using constructor [public org.springframework.test.context.support.DefaultBootstrapContext(java.lang.Class,org.springframework.test.context.CacheAwareContextLoaderDelegate)]
21:42:06.929 [main] DEBUG org.springframework.test.context.BootstrapUtils - Instantiating TestContextBootstrapper for test class [com.sipCalculator.SipCalculatorApplicationTests] from class [org.springframework.boot.test.context.SpringBootTestContextBootstrapper]
21:42:06.933 [main] INFO org.springframework.boot.test.context.SpringBootTestContextBootstrapper - Neither @ContextConfiguration nor @ContextHierarchy found for test class [com.sipCalculator.SipCalculatorApplicationTests], using SpringBootContextLoader
21:42:06.934 [main] DEBUG org.springframework.test.context.support.AbstractContextLoader - Did not detect default resource location for test class [com.sipCalculator.SipCalculatorApplicationTests]: class path resource [com/sipCalculator/SipCalculatorApplicationTests-context.xml] does not exist
21:42:06.934 [main] DEBUG org.springframework.test.context.support.AbstractContextLoader - Did not detect default resource location for test class [com.sipCalculator.SipCalculatorApplicationTests]: class path resource [com/sipCalculator/SipCalculatorApplicationTestsContext.groovy] does not exist
21:42:06.934 [main] INFO org.springframework.test.context.support.AbstractContextLoader - Could not detect default resource locations for test class [com.sipCalculator.SipCalculatorApplicationTests]: no resource found for suffixes {-context.xml, Context.groovy}.
21:42:06.934 [main] INFO org.springframework.test.context.support.AnnotationConfigContextLoaderUtils - Could not detect default configuration classes for test class [com.sipCalculator.SipCalculatorApplicationTests]: SipCalculatorApplicationTests does not declare any static, non-private, non-final, nested classes annotated with @Configuration.
21:42:06.947 [main] DEBUG org.springframework.test.context.support.ActiveProfilesUtils - Could not find an 'annotation declaring class' for annotation type [org.springframework.test.context.ActiveProfiles] and class [com.sipCalculator.SipCalculatorApplicationTests]
21:42:06.966 [main] DEBUG org.springframework.context.annotation.ClassPathScanningCandidateComponentProvider - Identified candidate component class: file [/Users/sandhyas/.jenkins/workspace/Calculator@2/target/classes/com/sipCalculator/SipCalculatorApplication.class]
21:42:06.966 [main] INFO org.springframework.boot.test.context.SpringBootTestContextBootstrapper - Found @SpringBootConfiguration com.sipCalculator.SipCalculatorApplication for test class com.sipCalculator.SipCalculatorApplicationTests
21:42:06.999 [main] DEBUG org.springframework.boot.test.context.SpringBootTestContextBootstrapper - @TestExecutionListeners is not present for class [com.sipCalculator.SipCalculatorApplicationTests]: using defaults.
21:42:06.999 [main] INFO org.springframework.boot.test.context.SpringBootTestContextBootstrapper - Loaded default TestExecutionListener class names from location [META-INF/spring.factories]: [org.springframework.boot.test.mock.mockito.MockitoTestExecutionListener, org.springframework.boot.test.mock.mockito.ResetMocksTestExecutionListener, org.springframework.boot.test.autoconfigure.restdocs.RestDocsTestExecutionListener, org.springframework.boot.test.autoconfigure.web.client.MockRestServiceServerResetTestExecutionListener, org.springframework.boot.test.autoconfigure.web.servlet.MockMvcPrintOnlyOnFailureTestExecutionListener, org.springframework.boot.test.autoconfigure.web.servlet.WebDriverTestExecutionListener, org.springframework.boot.test.autoconfigure.webservices.client.MockWebServiceServerTestExecutionListener, org.springframework.test.context.web.ServletTestExecutionListener, org.springframework.test.context.support.DirtiesContextBeforeModesTestExecutionListener, org.springframework.test.context.event.ApplicationEventsTestExecutionListener, org.springframework.test.context.support.DependencyInjectionTestExecutionListener, org.springframework.test.context.support.DirtiesContextTestExecutionListener, org.springframework.test.context.transaction.TransactionalTestExecutionListener, org.springframework.test.context.jdbc.SqlScriptsTestExecutionListener, org.springframework.test.context.event.EventPublishingTestExecutionListener]
21:42:07.002 [main] DEBUG org.springframework.boot.test.context.SpringBootTestContextBootstrapper - Skipping candidate TestExecutionListener [org.springframework.test.context.transaction.TransactionalTestExecutionListener] due to a missing dependency. Specify custom listener classes or make the default listener classes and their required dependencies available. Offending class: [org/springframework/transaction/interceptor/TransactionAttributeSource]
21:42:07.002 [main] DEBUG org.springframework.boot.test.context.SpringBootTestContextBootstrapper - Skipping candidate TestExecutionListener [org.springframework.test.context.jdbc.SqlScriptsTestExecutionListener] due to a missing dependency. Specify custom listener classes or make the default listener classes and their required dependencies available. Offending class: [org/springframework/transaction/interceptor/TransactionAttribute]
21:42:07.003 [main] INFO org.springframework.boot.test.context.SpringBootTestContextBootstrapper - Using TestExecutionListeners: [org.springframework.test.context.web.ServletTestExecutionListener@2b0f373b, org.springframework.test.context.support.DirtiesContextBeforeModesTestExecutionListener@2ceb80a1, org.springframework.test.context.event.ApplicationEventsTestExecutionListener@4b45dcb8, org.springframework.boot.test.mock.mockito.MockitoTestExecutionListener@7216fb24, org.springframework.boot.test.autoconfigure.SpringBootDependencyInjectionTestExecutionListener@2072acb2, org.springframework.test.context.support.DirtiesContextTestExecutionListener@50ecde95, org.springframework.test.context.event.EventPublishingTestExecutionListener@35a9782c, org.springframework.boot.test.mock.mockito.ResetMocksTestExecutionListener@70a36a66, org.springframework.boot.test.autoconfigure.restdocs.RestDocsTestExecutionListener@45815ffc, org.springframework.boot.test.autoconfigure.web.client.MockRestServiceServerResetTestExecutionListener@732f29af, org.springframework.boot.test.autoconfigure.web.servlet.MockMvcPrintOnlyOnFailureTestExecutionListener@d3957fe, org.springframework.boot.test.autoconfigure.web.servlet.WebDriverTestExecutionListener@6622fc65, org.springframework.boot.test.autoconfigure.webservices.client.MockWebServiceServerTestExecutionListener@299321e2]
21:42:07.004 [main] DEBUG org.springframework.test.context.support.AbstractDirtiesContextTestExecutionListener - Before test class: context [DefaultTestContext@7cbc3762 testClass = SipCalculatorApplicationTests, testInstance = [null], testMethod = [null], testException = [null], mergedContextConfiguration = [WebMergedContextConfiguration@3a6f2de3 testClass = SipCalculatorApplicationTests, locations = '{}', classes = '{class com.sipCalculator.SipCalculatorApplication}', contextInitializerClasses = '[]', activeProfiles = '{}', propertySourceLocations = '{}', propertySourceProperties = '{org.springframework.boot.test.context.SpringBootTestContextBootstrapper=true}', contextCustomizers = set[org.springframework.boot.test.context.filter.ExcludeFilterContextCustomizer@3b6d844d, org.springframework.boot.test.json.DuplicateJsonObjectContextCustomizerFactory$DuplicateJsonObjectContextCustomizer@10289886, org.springframework.boot.test.mock.mockito.MockitoContextCustomizer@0, org.springframework.boot.test.web.client.TestRestTemplateContextCustomizer@45efd90f, org.springframework.boot.test.autoconfigure.actuate.metrics.MetricsExportContextCustomizerFactory$DisableMetricExportContextCustomizer@2f01783a, org.springframework.boot.test.autoconfigure.properties.PropertyMappingContextCustomizer@0, org.springframework.boot.test.autoconfigure.web.servlet.WebDriverContextCustomizerFactory$Customizer@1f760b47, org.springframework.boot.test.context.SpringBootTestArgs@1, org.springframework.boot.test.context.SpringBootTestWebEnvironment@16e7dcfd], resourceBasePath = 'src/main/webapp', contextLoader = 'org.springframework.boot.test.context.SpringBootContextLoader', parent = [null]], attributes = map['org.springframework.test.context.web.ServletTestExecutionListener.activateListener' -> true]], class annotated with @DirtiesContext [false] with mode [null].

  .   ____          _            __ _ _
 /\\ / ___'_ __ _ _(_)_ __  __ _ \ \ \ \
( ( )\___ | '_ | '_| | '_ \/ _` | \ \ \ \
 \\/  ___)| |_)| | | | | || (_| |  ) ) ) )
  '  |____| .__|_| |_|_| |_\__, | / / / /
 =========|_|==============|___/=/_/_/_/
 :: Spring Boot ::                (v2.7.3)

2024-08-25 21:42:07.131  INFO 15645 --- [           main] c.s.SipCalculatorApplicationTests        : Starting SipCalculatorApplicationTests using Java 17.0.10 on Sandhyas-MacBook-Air.local with PID 15645 (started by sandhyas in /Users/sandhyas/.jenkins/workspace/Calculator@2)
2024-08-25 21:42:07.132  INFO 15645 --- [           main] c.s.SipCalculatorApplicationTests        : No active profile set, falling back to 1 default profile: "default"
2024-08-25 21:42:07.776  INFO 15645 --- [           main] c.s.SipCalculatorApplicationTests        : Started SipCalculatorApplicationTests in 0.754 seconds (JVM running for 2.157)
[INFO] Tests run: 1, Failures: 0, Errors: 0, Skipped: 0, Time elapsed: 1.101 s - in com.sipCalculator.SipCalculatorApplicationTests
[INFO] Running com.sipCalculator.controller.SIPControllerTest
[INFO] Tests run: 2, Failures: 0, Errors: 0, Skipped: 0, Time elapsed: 0 s - in com.sipCalculator.controller.SIPControllerTest
[INFO] 
[INFO] Results:
[INFO] 
[INFO] Tests run: 3, Failures: 0, Errors: 0, Skipped: 0
[INFO] 
[INFO] ------------------------------------------------------------------------
[INFO] BUILD SUCCESS
[INFO] ------------------------------------------------------------------------
[INFO] Total time:  5.315 s
[INFO] Finished at: 2024-08-25T21:42:09+05:30
[INFO] ------------------------------------------------------------------------
[Pipeline] }
[Pipeline] // withEnv
[Pipeline] }
[Pipeline] // stage
[Pipeline] stage
[Pipeline] { (Sonar-Analytics)
[Pipeline] tool
[Pipeline] envVarsForTool
[Pipeline] tool
[Pipeline] envVarsForTool
[Pipeline] withEnv
[Pipeline] {
[Pipeline] withSonarQubeEnv
Injecting SonarQube environment variables using the configuration: sonar-server
[Pipeline] {
[Pipeline] sh
+ /Users/sandhyas/.jenkins/tools/hudson.plugins.sonar.SonarRunnerInstallation/sonar-scanner/bin/sonar-scanner -Dsonar.projectName=Blogging-app -Dsonar.projectKey=SIPCalculator -Dsonar.java.binaries=target
21:42:11.115 INFO  Scanner configuration file: /Users/sandhyas/.jenkins/tools/hudson.plugins.sonar.SonarRunnerInstallation/sonar-scanner/conf/sonar-scanner.properties
21:42:11.117 INFO  Project root configuration file: NONE
21:42:11.129 INFO  SonarScanner CLI 6.1.0.4477
21:42:11.129 INFO  Java 17.0.10 Eclipse Adoptium (64-bit)
21:42:11.130 INFO  Mac OS X 14.6 aarch64
21:42:11.148 INFO  User cache: /Users/sandhyas/.sonar/cache
21:42:12.782 INFO  Communicating with SonarQube Server 9.9.6.92038
21:42:12.953 INFO  Load global settings
21:42:13.038 INFO  Load global settings (done) | time=86ms
21:42:13.042 INFO  Server id: 147B411E-AZGFa0WK4yNs8UkEp0GD
21:42:13.046 INFO  User cache: /Users/sandhyas/.sonar/cache
21:42:13.048 INFO  Load/download plugins
21:42:13.048 INFO  Load plugins index
21:42:13.078 INFO  Load plugins index (done) | time=30ms
21:42:14.243 INFO  Load/download plugins (done) | time=1195ms
21:42:14.483 INFO  Process project properties
21:42:14.483 INFO  Process project properties (done) | time=0ms
21:42:14.484 INFO  Execute project builders
21:42:14.484 INFO  Execute project builders (done) | time=0ms
21:42:14.485 INFO  Project key: SIPCalculator
21:42:14.485 INFO  Base dir: /Users/sandhyas/.jenkins/workspace/Calculator@2
21:42:14.485 INFO  Working dir: /Users/sandhyas/.jenkins/workspace/Calculator@2/.scannerwork
21:42:14.500 INFO  Load project settings for component key: 'SIPCalculator'
21:42:14.559 INFO  Auto-configuring with CI 'Jenkins'
21:42:14.560 INFO  Load quality profiles
21:42:14.685 INFO  Load quality profiles (done) | time=125ms
21:42:14.687 INFO  Load active rules
21:42:16.472 INFO  Load active rules (done) | time=1785ms
21:42:16.479 INFO  Load analysis cache
21:42:16.483 INFO  Load analysis cache (404) | time=4ms
21:42:16.505 INFO  Load project repositories
21:42:16.509 INFO  Load project repositories (done) | time=4ms
21:42:16.542 INFO  Indexing files...
21:42:16.542 INFO  Project configuration:
21:42:16.883 INFO  12 files indexed
21:42:16.883 INFO  15 files ignored because of scm ignore settings
21:42:16.885 INFO  Quality profile for java: Sonar way
21:42:16.885 INFO  Quality profile for web: Sonar way
21:42:16.885 INFO  Quality profile for xml: Sonar way
21:42:16.885 INFO  ------------- Run sensors on module Blogging-app
21:42:16.920 INFO  Load metrics repository
21:42:16.956 INFO  Load metrics repository (done) | time=36ms
21:42:17.620 INFO  Sensor JavaSensor [java]
21:42:17.622 INFO  Configured Java source version (sonar.java.source): none
21:42:17.624 INFO  JavaClasspath initialization
21:42:17.625 INFO  JavaClasspath initialization (done) | time=1ms
21:42:17.625 INFO  JavaTestClasspath initialization
21:42:17.625 INFO  JavaTestClasspath initialization (done) | time=0ms
21:42:17.639 INFO  Server-side caching is enabled. The Java analyzer will not try to leverage data from a previous analysis.
21:42:17.640 INFO  Using ECJ batch to parse 5 Main java source files with batch size 107 KB.
21:42:17.704 INFO  Starting batch processing.
21:42:18.050 INFO  The Java analyzer cannot skip unchanged files in this context. A full analysis is performed for all files.
21:42:18.275 INFO  100% analyzed
21:42:18.275 INFO  Batch processing: Done.
21:42:18.276 INFO  Did not optimize analysis for any files, performed a full analysis for all 5 files.
21:42:18.276 WARN  Dependencies/libraries were not provided for analysis of SOURCE files. The 'sonar.java.libraries' property is empty. Verify your configuration, as you might end up with less precise results.
21:42:18.276 WARN  Unresolved imports/types have been detected during analysis. Enable DEBUG mode to see them.
21:42:18.277 WARN  Use of preview features have been detected during analysis. Enable DEBUG mode to see them.
21:42:18.277 INFO  No "Test" source files to scan.
21:42:18.277 INFO  No "Generated" source files to scan.
21:42:18.277 INFO  Sensor JavaSensor [java] (done) | time=657ms
21:42:18.277 INFO  Sensor JaCoCo XML Report Importer [jacoco]
21:42:18.277 INFO  'sonar.coverage.jacoco.xmlReportPaths' is not defined. Using default locations: target/site/jacoco/jacoco.xml,target/site/jacoco-it/jacoco.xml,build/reports/jacoco/test/jacocoTestReport.xml
21:42:18.277 INFO  No report imported, no coverage information will be imported by JaCoCo XML Report Importer
21:42:18.277 INFO  Sensor JaCoCo XML Report Importer [jacoco] (done) | time=0ms
21:42:18.277 INFO  Sensor CSS Rules [javascript]
21:42:25.319 WARN  Node.js version 22 is not recommended, you might experience issues. Please use a recommended version of Node.js [16, 18]
21:42:25.321 INFO  1 source file to be analyzed
21:42:25.420 INFO  1/1 source file has been analyzed
21:42:25.421 INFO  Hit the cache for 0 out of 0
21:42:25.421 INFO  Miss the cache for 0 out of 0
21:42:25.421 INFO  Sensor CSS Rules [javascript] (done) | time=7144ms
21:42:25.421 INFO  Sensor C# Project Type Information [csharp]
21:42:25.422 INFO  Sensor C# Project Type Information [csharp] (done) | time=1ms
21:42:25.422 INFO  Sensor C# Analysis Log [csharp]
21:42:25.429 INFO  Sensor C# Analysis Log [csharp] (done) | time=7ms
21:42:25.429 INFO  Sensor C# Properties [csharp]
21:42:25.429 INFO  Sensor C# Properties [csharp] (done) | time=0ms
21:42:25.429 INFO  Sensor SurefireSensor [java]
21:42:25.430 INFO  parsing [/Users/sandhyas/.jenkins/workspace/Calculator@2/target/surefire-reports]
21:42:25.473 INFO  Sensor SurefireSensor [java] (done) | time=43ms
21:42:25.473 INFO  Sensor HTML [web]
21:42:25.501 INFO  Sensor HTML [web] (done) | time=28ms
21:42:25.501 INFO  Sensor XML Sensor [xml]
21:42:25.502 INFO  1 source file to be analyzed
21:42:25.573 INFO  1/1 source file has been analyzed
21:42:25.573 INFO  Sensor XML Sensor [xml] (done) | time=72ms
21:42:25.573 INFO  Sensor TextAndSecretsSensor [text]
21:42:25.577 INFO  7 source files to be analyzed
21:42:25.584 INFO  7/7 source files have been analyzed
21:42:25.584 INFO  Sensor TextAndSecretsSensor [text] (done) | time=11ms
21:42:25.584 INFO  Sensor VB.NET Project Type Information [vbnet]
21:42:25.584 INFO  Sensor VB.NET Project Type Information [vbnet] (done) | time=0ms
21:42:25.585 INFO  Sensor VB.NET Analysis Log [vbnet]
21:42:25.590 INFO  Sensor VB.NET Analysis Log [vbnet] (done) | time=5ms
21:42:25.590 INFO  Sensor VB.NET Properties [vbnet]
21:42:25.590 INFO  Sensor VB.NET Properties [vbnet] (done) | time=0ms
21:42:25.590 INFO  Sensor IaC Docker Sensor [iac]
21:42:25.611 INFO  0 source files to be analyzed
21:42:25.632 INFO  0/0 source files have been analyzed
21:42:25.632 INFO  Sensor IaC Docker Sensor [iac] (done) | time=42ms
21:42:25.634 INFO  ------------- Run sensors on project
21:42:25.658 INFO  Sensor Analysis Warnings import [csharp]
21:42:25.658 INFO  Sensor Analysis Warnings import [csharp] (done) | time=0ms
21:42:25.658 INFO  Sensor Zero Coverage Sensor
21:42:25.663 INFO  Sensor Zero Coverage Sensor (done) | time=5ms
21:42:25.663 INFO  Sensor Java CPD Block Indexer
21:42:25.670 INFO  Sensor Java CPD Block Indexer (done) | time=7ms
21:42:25.671 INFO  SCM Publisher SCM provider for this project is: git
21:42:25.672 INFO  SCM Publisher 7 source files to be analyzed
21:42:25.907 INFO  SCM Publisher 7/7 source files have been analyzed (done) | time=235ms
21:42:25.912 INFO  CPD Executor 2 files had no CPD blocks
21:42:25.912 INFO  CPD Executor Calculating CPD for 4 files
21:42:25.918 INFO  CPD Executor CPD calculation finished (done) | time=6ms
21:42:25.951 INFO  Analysis report generated in 30ms, dir size=144.1 kB
21:42:25.975 INFO  Analysis report compressed in 23ms, zip size=31.8 kB
21:42:28.195 INFO  EXECUTION FAILURE
21:42:28.195 INFO  Total time: 17.095s
21:42:28.195 ERROR Error during SonarScanner CLI execution
java.lang.IllegalStateException: Failed to upload report: Error 500 on http://localhost:9000/api/ce/submit?projectKey=SIPCalculator&projectName=Blogging-app : {"errors":[{"msg":"An error has occurred. Please contact your administrator"}]}
	at org.sonar.scanner.report.ReportPublisher.upload(ReportPublisher.java:226)
	at org.sonar.scanner.report.ReportPublisher.execute(ReportPublisher.java:154)
	at org.sonar.scanner.scan.SpringProjectScanContainer.doAfterStart(SpringProjectScanContainer.java:376)
	at org.sonar.core.platform.SpringComponentContainer.startComponents(SpringComponentContainer.java:188)
	at org.sonar.core.platform.SpringComponentContainer.execute(SpringComponentContainer.java:167)
	at org.sonar.scanner.bootstrap.SpringGlobalContainer.doAfterStart(SpringGlobalContainer.java:137)
	at org.sonar.core.platform.SpringComponentContainer.startComponents(SpringComponentContainer.java:188)
	at org.sonar.core.platform.SpringComponentContainer.execute(SpringComponentContainer.java:167)
	at org.sonar.batch.bootstrapper.Batch.doExecute(Batch.java:72)
	at org.sonar.batch.bootstrapper.Batch.execute(Batch.java:66)
	at org.sonarsource.scanner.lib.internal.batch.BatchIsolatedLauncher.execute(BatchIsolatedLauncher.java:41)
	at java.base/jdk.internal.reflect.NativeMethodAccessorImpl.invoke0(Native Method)
	at java.base/jdk.internal.reflect.NativeMethodAccessorImpl.invoke(NativeMethodAccessorImpl.java:77)
	at java.base/jdk.internal.reflect.DelegatingMethodAccessorImpl.invoke(DelegatingMethodAccessorImpl.java:43)
	at java.base/java.lang.reflect.Method.invoke(Method.java:568)
	at org.sonarsource.scanner.lib.internal.IsolatedLauncherProxy.invoke(IsolatedLauncherProxy.java:62)
	at jdk.proxy3/jdk.proxy3.$Proxy2.execute(Unknown Source)
	at org.sonarsource.scanner.lib.InProcessScannerEngineFacade.doAnalyze(InProcessScannerEngineFacade.java:39)
	at org.sonarsource.scanner.lib.Scann erEngineFacade.analyze(ScannerEngineFacade.java:61)
	at org.sonarsource.scanner.cli.Main.analyze(Main.java:77)
	at org.sonarsource.scanner.cli.Main.main(Main.java:63)
Caused by: org.sonarqube.ws.client.HttpException: Error 500 on http://localhost:9000/api/ce/submit?projectKey=SIPCalculator&projectName=Blogging-app : {"errors":[{"msg":"An error has occurred. Please contact your administrator"}]}
	at org.sonarqube.ws.client.BaseResponse.failIfNotSuccessful(BaseResponse.java:36)
	at org.sonar.scanner.bootstrap.DefaultScannerWsClient.failIfUnauthorized(DefaultScannerWsClient.java:126)
	at org.sonar.scanner.bootstrap.DefaultScannerWsClient.call(DefaultScannerWsClient.java:89)
	at org.sonar.scanner.report.ReportPublisher.upload(ReportPublisher.java:224)
	... 20 common frames omitted
21:42:28.197 ERROR 
21:42:28.197 ERROR Re-run SonarScanner CLI using the -X switch to enable full debug logging.
[Pipeline] }
WARN: Unable to locate 'report-task.txt' in the workspace. Did the SonarScanner succeed?
[Pipeline] // withSonarQubeEnv
[Pipeline] }
[Pipeline] // withEnv
[Pipeline] }
[Pipeline] // stage
[Pipeline] stage
[Pipeline] { (Deploy)
Stage "Deploy" skipped due to earlier failure(s)
[Pipeline] getContext
[Pipeline] }
[Pipeline] // stage
[Pipeline] }
[Pipeline] // withEnv
[Pipeline] }
[Pipeline] // withEnv
[Pipeline] }
[Pipeline] // node
[Pipeline] End of Pipeline
ERROR: script returned exit code 1
Finished: FAILURE
